15:34:58.272 [main] DEBUG org.apache.poi.openxml4j.opc.PackageRelationshipCollection - Parsing relationship: /xl/worksheets/_rels/sheet2.xml.rels
15:34:58.272 [main] DEBUG org.apache.poi.openxml4j.opc.PackageRelationshipCollection - Parsing relationship: /xl/worksheets/_rels/sheet3.xml.rels
15:34:58.273 [main] DEBUG org.apache.poi.openxml4j.opc.PackageRelationshipCollection - Parsing relationship: /_rels/.rels
15:34:58.274 [main] DEBUG org.apache.poi.ooxml.POIXMLFactory - using default POIXMLDocumentPart for http://schemas.microsoft.com/office/2017/10/relationships/person
15:34:58.278 [main] DEBUG org.apache.poi.openxml4j.opc.PackageRelationshipCollection - Parsing relationship: /xl/_rels/workbook.xml.rels
15:34:58.278 [main] DEBUG org.apache.poi.openxml4j.opc.PackageRelationshipCollection - Parsing relationship: /xl/worksheets/_rels/sheet1.xml.rels
15:34:58.278 [main] DEBUG org.apache.poi.openxml4j.opc.PackageRelationshipCollection - Parsing relationship: /xl/worksheets/_rels/sheet2.xml.rels
15:34:58.278 [main] DEBUG org.apache.poi.openxml4j.opc.PackageRelationshipCollection - Parsing relationship: /xl/worksheets/_rels/sheet3.xml.rels
15:34:58.278 [main] DEBUG org.apache.poi.openxml4j.opc.PackageRelationshipCollection - Parsing relationship: /_rels/.rels
15:34:58.280 [main] DEBUG org.apache.poi.ooxml.POIXMLFactory - using default POIXMLDocumentPart for http://schemas.microsoft.com/office/2017/10/relationships/person
15:34:58.283 [main] DEBUG org.apache.poi.openxml4j.opc.PackageRelationshipCollection - Parsing relationship: /xl/_rels/workbook.xml.rels
15:34:58.284 [main] DEBUG org.apache.poi.openxml4j.opc.PackageRelationshipCollection - Parsing relationship: /xl/worksheets/_rels/sheet1.xml.rels
15:34:58.284 [main] DEBUG org.apache.poi.openxml4j.opc.PackageRelationshipCollection - Parsing relationship: /xl/worksheets/_rels/sheet2.xml.rels
15:34:58.284 [main] DEBUG org.apache.poi.openxml4j.opc.PackageRelationshipCollection - Parsing relationship: /xl/worksheets/_rels/sheet3.xml.rels
15:34:58.284 [main] DEBUG org.apache.poi.openxml4j.opc.PackageRelationshipCollection - Parsing relationship: /_rels/.rels
15:34:58.285 [main] DEBUG org.apache.poi.ooxml.POIXMLFactory - using default POIXMLDocumentPart for http://schemas.microsoft.com/office/2017/10/relationships/person
15:34:58.292 [main] DEBUG org.apache.poi.openxml4j.opc.PackageRelationshipCollection - Parsing relationship: /xl/_rels/workbook.xml.rels
15:34:58.292 [main] DEBUG org.apache.poi.openxml4j.opc.PackageRelationshipCollection - Parsing relationship: /xl/worksheets/_rels/sheet1.xml.rels
15:34:58.292 [main] DEBUG org.apache.poi.openxml4j.opc.PackageRelationshipCollection - Parsing relationship: /xl/worksheets/_rels/sheet2.xml.rels
15:34:58.292 [main] DEBUG org.apache.poi.openxml4j.opc.PackageRelationshipCollection - Parsing relationship: /xl/worksheets/_rels/sheet3.xml.rels
15:34:58.292 [main] DEBUG org.apache.poi.openxml4j.opc.PackageRelationshipCollection - Parsing relationship: /_rels/.rels
15:34:58.294 [main] DEBUG org.apache.poi.ooxml.POIXMLFactory - using default POIXMLDocumentPart for http://schemas.microsoft.com/office/2017/10/relationships/person
15:34:58.298 [main] INFO  org.testCasesPackage.TC_003_LoginDDT -  **** login DDT testcase started ******  
15:35:00.388 [main] INFO  org.testCasesPackage.TC_003_LoginDDT -  **** login DDT testcase finished *****
15:35:00.389 [main] INFO  org.testCasesPackage.TC_003_LoginDDT -  **** login DDT testcase started ******  
15:35:11.544 [main] INFO  org.testCasesPackage.TC_003_LoginDDT -  **** login DDT testcase finished *****
15:35:11.548 [main] INFO  org.testCasesPackage.TC_003_LoginDDT -  **** login DDT testcase started ******  
15:35:23.151 [main] INFO  org.testCasesPackage.TC_003_LoginDDT -  **** login DDT testcase finished *****
15:35:23.159 [main] INFO  org.testCasesPackage.TC_003_LoginDDT -  **** login DDT testcase started ******  
15:35:33.517 [main] INFO  org.testCasesPackage.TC_003_LoginDDT -  **** login DDT testcase finished *****
15:35:33.527 [main] INFO  org.testCasesPackage.TC_003_LoginDDT -  **** login DDT testcase started ******  
15:35:43.996 [main] INFO  org.testCasesPackage.TC_003_LoginDDT -  **** login DDT testcase finished *****
15:35:44.000 [main] INFO  org.testCasesPackage.TC_003_LoginDDT -  **** login DDT testcase started ******  
15:35:45.402 [main] INFO  org.testCasesPackage.TC_003_LoginDDT -  **** login DDT testcase finished *****
